        -:    0:Source:/home/krystian/development/study/algorytmy/project1/DateConverter_lib/Julian.h
        -:    0:Graph:/home/krystian/development/study/algorytmy/project1/cmake-build-debug-coverage/Google_tests/CMakeFiles/Google_Tests_run.dir/ConverterTests.cpp.gcno
        -:    0:Data:/home/krystian/development/study/algorytmy/project1/cmake-build-debug-coverage/Google_tests/CMakeFiles/Google_Tests_run.dir/ConverterTests.cpp.gcda
        -:    0:Runs:1
        -:    1:#ifndef UNITTESTING_TUTORIAL_JULIAN_H_
        -:    2:#define UNITTESTING_TUTORIAL_JULIAN_H_
        -:    3:
        -:    4:
        -:    5:#define YEAR_MAX_LENGTH 366
        -:    6:#define JULIAN_EPOCH (-2)
        -:    7:#define MAX_MONTH_LENGTH 31
        -:    8:
        -:    9:class JulianDate{
        -:   10:protected:
        -:   11:    int year = 1;
        -:   12:    int month = 1;
        -:   13:    int day = 1;
        -:   14:
        -:   15:public:
function _ZN10JulianDateC2Ev called 12 returned 100% blocks executed 100%
       12:   16:    JulianDate(){};
        -:   17:
function _ZN10JulianDate6getDayEv called 12 returned 100% blocks executed 100%
       12:   18:    int getDay() {return day;};
       12:   18-block  0
function _ZN10JulianDate8getMonthEv called 12 returned 100% blocks executed 100%
       12:   19:    int getMonth() {return month;};
       12:   19-block  0
function _ZN10JulianDate7getYearEv called 12 returned 100% blocks executed 100%
       12:   20:    int getYear() {return year;};
       12:   20-block  0
        -:   21:
        -:   22:    void CalcJulianDate(int date);
        -:   23:
        -:   24:    static int LastMonthDay(int month, int year);
        -:   25:    static int getAbsoluteDate(int m, int d, int y);
        -:   26:};
        -:   27:
        -:   28:#endif //UNITTESTING_TUTORIAL_JULIAN_H_
