        -:    0:Source:/home/krystian/development/study/algorytmy/project1/GraphProperties_lib/DataReader.cpp
        -:    0:Graph:/home/krystian/development/study/algorytmy/project1/cmake-build-debug-coverage/GraphProperties_lib/CMakeFiles/GraphProperties_lib.dir/DataReader.cpp.gcno
        -:    0:Data:/home/krystian/development/study/algorytmy/project1/cmake-build-debug-coverage/GraphProperties_lib/CMakeFiles/GraphProperties_lib.dir/DataReader.cpp.gcda
        -:    0:Runs:1
        -:    1:#include <string>
        -:    2:#include <vector>
        -:    3:#include "DataReader.h"
        -:    4:
        -:    5:using namespace std;
        -:    6:
function _ZN10DataReader8readFileERKNSt7__cxx1112basic_stringIcSt11char_traitsIcESaIcEEE called 3 returned 100% blocks executed 83%
        3:    7:vector<string> DataReader::readFile(const string& filename) {
        3:    8:    vector<string> v;
        3:    8-block  0
call    0 returned 3
        3:    9:    v.emplace_back(filename);
call    0 returned 3
branch  1 taken 3 (fallthrough)
branch  2 taken 0 (throw)
        -:   10:
        3:   11:    return v;
        3:   11-block  0
        3:   11-block  1
        -:   12:}
