        -:    0:Source:/home/krystian/development/study/algorytmy/project1/Google_tests/DataReaderTest.cpp
        -:    0:Graph:/home/krystian/development/study/algorytmy/project1/cmake-build-debug-coverage/Google_tests/CMakeFiles/Google_Tests_run.dir/DataReaderTest.cpp.gcno
        -:    0:Data:/home/krystian/development/study/algorytmy/project1/cmake-build-debug-coverage/Google_tests/CMakeFiles/Google_Tests_run.dir/DataReaderTest.cpp.gcda
        -:    0:Runs:1
        -:    1:#include <DataReader.h>
        -:    2:#include "gtest/gtest.h"
        -:    3:
        -:    4:class DataReaderFixture : public ::testing::Test {
        -:    5:protected:
function _ZN17DataReaderFixture5SetUpEv called 3 returned 100% blocks executed 100%
        3:    6:    void SetUp() override
        -:    7:    {
        3:    8:        dataReader = new DataReader();
        3:    8-block  0
call    0 returned 3
        3:    9:    }
        -:   10:
function _ZN17DataReaderFixture8TearDownEv called 3 returned 100% blocks executed 100%
        3:   11:    void TearDown() override
        -:   12:    {
        3:   13:        delete dataReader;
        3:   13-block  0
branch  0 taken 3 (fallthrough)
branch  1 taken 0
        3:   13-block  1
call    2 returned 3
        3:   14:    }
        -:   15:
        -:   16:    DataReader * dataReader;
        -:   17:};
        -:   18:
       12:   19:TEST_F(DataReaderFixture, ReadFromFile)
        -:   20:{
        3:   21:    const char * filename = "sample.txt";
        -:   22:
        9:   23:    vector<string> data = dataReader->readFile(filename);
        -:   24:
       3*:   25:    EXPECT_EQ(filename, data[0]);
        3:   26:}
------------------
_ZN35DataReaderFixture_ReadFromFile_TestC2Ev:
function _ZN35DataReaderFixture_ReadFromFile_TestC2Ev called 3 returned 100% blocks executed 100%
        3:   19:TEST_F(DataReaderFixture, ReadFromFile)
        3:   19-block  0
call    0 returned 3
------------------
_ZN35DataReaderFixture_ReadFromFile_TestD0Ev:
function _ZN35DataReaderFixture_ReadFromFile_TestD0Ev called 3 returned 100% blocks executed 100%
        3:   19:TEST_F(DataReaderFixture, ReadFromFile)
        3:   19-block  0
call    0 returned 3
call    1 returned 3
------------------
_ZN35DataReaderFixture_ReadFromFile_TestD2Ev:
function _ZN35DataReaderFixture_ReadFromFile_TestD2Ev called 3 returned 100% blocks executed 100%
        3:   19:TEST_F(DataReaderFixture, ReadFromFile)
        3:   19-block  0
call    0 returned 3
------------------
_ZN35DataReaderFixture_ReadFromFile_Test8TestBodyEv:
function _ZN35DataReaderFixture_ReadFromFile_Test8TestBodyEv called 3 returned 100% blocks executed 35%
        3:   19:TEST_F(DataReaderFixture, ReadFromFile)
        -:   20:{
        3:   21:    const char * filename = "sample.txt";
        -:   22:
        9:   23:    vector<string> data = dataReader->readFile(filename);
        3:   23-block  0
call    0 returned 3
call    1 returned 3
branch  2 taken 3 (fallthrough)
branch  3 taken 0 (throw)
        3:   23-block  1
call    4 returned 3
branch  5 taken 3 (fallthrough)
branch  6 taken 0 (throw)
call    7 returned 3
call    8 returned 3
    $$$$$:   23-block  2
    $$$$$:   23-block  3
    $$$$$:   23-block  4
call    9 never executed
        -:   24:
       3*:   25:    EXPECT_EQ(filename, data[0]);
call    0 returned 3
call    1 returned 3
branch  2 taken 3 (fallthrough)
branch  3 taken 0 (throw)
        3:   25-block  0
call    4 returned 3
branch  5 taken 0 (fallthrough)
branch  6 taken 3
    %%%%%:   25-block  1
call    7 never executed
branch  8 never executed
branch  9 never executed
    %%%%%:   25-block  2
call   10 never executed
call   11 never executed
branch 12 never executed
branch 13 never executed
    %%%%%:   25-block  3
call   14 never executed
branch 15 never executed
branch 16 never executed
    %%%%%:   25-block  4
call   17 never executed
call   18 never executed
        3:   25-block  5
call   19 returned 3
    $$$$$:   25-block  6
call   20 never executed
    $$$$$:   25-block  7
    $$$$$:   25-block  8
call   21 never executed
    $$$$$:   25-block  9
    $$$$$:   25-block 10
call   22 never executed
        3:   26:}
------------------
